2017-08-21 16:33:56.110  INFO 7548 --- [restartedMain] cn.cyq.test_spring_boot.App              : Starting App on nxa-chengyiqiang with PID 7548 (E:\WorkSpace\NewWorkSpace\test-spring-boot\target\classes started by nxa-chengyiqiang in E:\WorkSpace\NewWorkSpace\test-spring-boot)
2017-08-21 16:33:56.110  INFO 7548 --- [restartedMain] cn.cyq.test_spring_boot.App              : No active profile set, falling back to default profiles: default
2017-08-21 16:33:56.117  INFO 7548 --- [restartedMain] ationConfigEmbeddedWebApplicationContext : Refreshing org.springframework.boot.context.embedded.AnnotationConfigEmbeddedWebApplicationContext@1651ed7e: startup date [Mon Aug 21 16:33:56 CST 2017]; root of context hierarchy
2017-08-21 16:33:57.094  INFO 7548 --- [restartedMain] s.b.c.e.t.TomcatEmbeddedServletContainer : Tomcat initialized with port(s): 8080 (http)
2017-08-21 16:33:57.096  INFO 7548 --- [restartedMain] o.apache.catalina.core.StandardService   : Starting service Tomcat
2017-08-21 16:33:57.096  INFO 7548 --- [restartedMain] org.apache.catalina.core.StandardEngine  : Starting Servlet Engine: Apache Tomcat/8.0.36
2017-08-21 16:33:57.122  WARN 7548 --- [localhost-startStop-1] o.apache.catalina.core.StandardContext   : Failed to create work directory [H:\springboot-tomcat-tmp\work\Tomcat\localhost\ROOT] for context []
2017-08-21 16:33:57.153  INFO 7548 --- [localhost-startStop-1] o.a.c.c.C.[Tomcat].[localhost].[/]       : Initializing Spring embedded WebApplicationContext
2017-08-21 16:33:57.153  INFO 7548 --- [localhost-startStop-1] o.s.web.context.ContextLoader            : Root WebApplicationContext: initialization completed in 1037 ms
2017-08-21 16:33:57.318  INFO 7548 --- [localhost-startStop-1] o.s.b.c.e.ServletRegistrationBean        : Mapping servlet: 'dispatcherServlet' to [/]
2017-08-21 16:33:57.319  INFO 7548 --- [localhost-startStop-1] o.s.b.c.embedded.FilterRegistrationBean  : Mapping filter: 'characterEncodingFilter' to: [/*]
2017-08-21 16:33:57.319  INFO 7548 --- [localhost-startStop-1] o.s.b.c.embedded.FilterRegistrationBean  : Mapping filter: 'hiddenHttpMethodFilter' to: [/*]
2017-08-21 16:33:57.320  INFO 7548 --- [localhost-startStop-1] o.s.b.c.embedded.FilterRegistrationBean  : Mapping filter: 'httpPutFormContentFilter' to: [/*]
2017-08-21 16:33:57.320  INFO 7548 --- [localhost-startStop-1] o.s.b.c.embedded.FilterRegistrationBean  : Mapping filter: 'requestContextFilter' to: [/*]
2017-08-21 16:33:57.480  INFO 7548 --- [restartedMain] s.w.s.m.m.a.RequestMappingHandlerAdapter : Looking for @ControllerAdvice: org.springframework.boot.context.embedded.AnnotationConfigEmbeddedWebApplicationContext@1651ed7e: startup date [Mon Aug 21 16:33:56 CST 2017]; root of context hierarchy
2017-08-21 16:33:57.506  INFO 7548 --- [restartedMain] s.w.s.m.m.a.RequestMappingHandlerMapping : Mapped "{[/123]}" onto public java.lang.String cn.cyq.test_spring_boot.controller.HelloWorldController.business123()
2017-08-21 16:33:57.507  INFO 7548 --- [restartedMain] s.w.s.m.m.a.RequestMappingHandlerMapping : Mapped "{[/haha]}" onto public java.lang.String cn.cyq.test_spring_boot.controller.HelloWorldController.businesshaha()
2017-08-21 16:33:57.509  INFO 7548 --- [restartedMain] s.w.s.m.m.a.RequestMappingHandlerMapping : Mapped "{[/error]}" onto public org.springframework.http.ResponseEntity<java.util.Map<java.lang.String, java.lang.Object>> org.springframework.boot.autoconfigure.web.BasicErrorController.error(javax.servlet.http.HttpServletRequest)
2017-08-21 16:33:57.511  INFO 7548 --- [restartedMain] s.w.s.m.m.a.RequestMappingHandlerMapping : Mapped "{[/error],produces=[text/html]}" onto public org.springframework.web.servlet.ModelAndView org.springframework.boot.autoconfigure.web.BasicErrorController.errorHtml(javax.servlet.http.HttpServletRequest,javax.servlet.http.HttpServletResponse)
2017-08-21 16:33:57.540  INFO 7548 --- [restartedMain] o.s.w.s.handler.SimpleUrlHandlerMapping  : Mapped URL path [/webjars/**] onto handler of type [class org.springframework.web.servlet.resource.ResourceHttpRequestHandler]
2017-08-21 16:33:57.540  INFO 7548 --- [restartedMain] o.s.w.s.handler.SimpleUrlHandlerMapping  : Mapped URL path [/**] onto handler of type [class org.springframework.web.servlet.resource.ResourceHttpRequestHandler]
2017-08-21 16:33:57.570  INFO 7548 --- [restartedMain] o.s.w.s.handler.SimpleUrlHandlerMapping  : Mapped URL path [/**/favicon.ico] onto handler of type [class org.springframework.web.servlet.resource.ResourceHttpRequestHandler]
2017-08-21 16:33:57.649  INFO 7548 --- [restartedMain] o.s.b.d.a.OptionalLiveReloadServer       : LiveReload server is running on port 35729
2017-08-21 16:33:57.926  INFO 7548 --- [restartedMain] o.s.j.e.a.AnnotationMBeanExporter        : Registering beans for JMX exposure on startup
2017-08-21 16:33:58.147  INFO 7548 --- [restartedMain] s.b.c.e.t.TomcatEmbeddedServletContainer : Tomcat started on port(s): 8080 (http)
2017-08-21 16:33:58.161  INFO 7548 --- [restartedMain] cn.cyq.test_spring_boot.App              : Started App in 2.254 seconds (JVM running for 5667.465)
2017-08-21 16:35:43.234  INFO 7548 --- [Thread-13] ationConfigEmbeddedWebApplicationContext : Closing org.springframework.boot.context.embedded.AnnotationConfigEmbeddedWebApplicationContext@1651ed7e: startup date [Mon Aug 21 16:33:56 CST 2017]; root of context hierarchy
2017-08-21 16:35:43.237  INFO 7548 --- [Thread-13] o.s.j.e.a.AnnotationMBeanExporter        : Unregistering JMX-exposed beans on shutdown
2017-08-21 16:35:43.518  INFO 7548 --- [restartedMain] cn.cyq.test_spring_boot.App              : Starting App on nxa-chengyiqiang with PID 7548 (E:\WorkSpace\NewWorkSpace\test-spring-boot\target\classes started by nxa-chengyiqiang in E:\WorkSpace\NewWorkSpace\test-spring-boot)
2017-08-21 16:35:43.518  INFO 7548 --- [restartedMain] cn.cyq.test_spring_boot.App              : No active profile set, falling back to default profiles: default
2017-08-21 16:35:43.520  INFO 7548 --- [restartedMain] ationConfigEmbeddedWebApplicationContext : Refreshing org.springframework.boot.context.embedded.AnnotationConfigEmbeddedWebApplicationContext@b4fdfd7: startup date [Mon Aug 21 16:35:43 CST 2017]; root of context hierarchy
2017-08-21 16:35:43.906  INFO 7548 --- [restartedMain] s.b.c.e.t.TomcatEmbeddedServletContainer : Tomcat initialized with port(s): 8080 (http)
2017-08-21 16:35:43.907  INFO 7548 --- [restartedMain] o.apache.catalina.core.StandardService   : Starting service Tomcat
2017-08-21 16:35:43.907  INFO 7548 --- [restartedMain] org.apache.catalina.core.StandardEngine  : Starting Servlet Engine: Apache Tomcat/8.0.36
2017-08-21 16:35:43.913  WARN 7548 --- [localhost-startStop-1] o.apache.catalina.core.StandardContext   : Failed to create work directory [H:\springboot-tomcat-tmp\work\Tomcat\localhost\ROOT] for context []
2017-08-21 16:35:43.916  INFO 7548 --- [localhost-startStop-1] o.a.c.c.C.[Tomcat].[localhost].[/]       : Initializing Spring embedded WebApplicationContext
2017-08-21 16:35:43.916  INFO 7548 --- [localhost-startStop-1] o.s.web.context.ContextLoader            : Root WebApplicationContext: initialization completed in 396 ms
2017-08-21 16:35:44.000  INFO 7548 --- [localhost-startStop-1] o.s.b.c.e.ServletRegistrationBean        : Mapping servlet: 'dispatcherServlet' to [/]
2017-08-21 16:35:44.001  INFO 7548 --- [localhost-startStop-1] o.s.b.c.embedded.FilterRegistrationBean  : Mapping filter: 'characterEncodingFilter' to: [/*]
2017-08-21 16:35:44.001  INFO 7548 --- [localhost-startStop-1] o.s.b.c.embedded.FilterRegistrationBean  : Mapping filter: 'hiddenHttpMethodFilter' to: [/*]
2017-08-21 16:35:44.001  INFO 7548 --- [localhost-startStop-1] o.s.b.c.embedded.FilterRegistrationBean  : Mapping filter: 'httpPutFormContentFilter' to: [/*]
2017-08-21 16:35:44.001  INFO 7548 --- [localhost-startStop-1] o.s.b.c.embedded.FilterRegistrationBean  : Mapping filter: 'requestContextFilter' to: [/*]
2017-08-21 16:35:44.073  INFO 7548 --- [restartedMain] s.w.s.m.m.a.RequestMappingHandlerAdapter : Looking for @ControllerAdvice: org.springframework.boot.context.embedded.AnnotationConfigEmbeddedWebApplicationContext@b4fdfd7: startup date [Mon Aug 21 16:35:43 CST 2017]; root of context hierarchy
2017-08-21 16:35:44.078  INFO 7548 --- [restartedMain] s.w.s.m.m.a.RequestMappingHandlerMapping : Mapped "{[/123]}" onto public java.lang.String cn.cyq.test_spring_boot.controller.HelloWorldController.business123()
2017-08-21 16:35:44.078  INFO 7548 --- [restartedMain] s.w.s.m.m.a.RequestMappingHandlerMapping : Mapped "{[/haha]}" onto public java.lang.String cn.cyq.test_spring_boot.controller.HelloWorldController.businesshaha()
2017-08-21 16:35:44.079  INFO 7548 --- [restartedMain] s.w.s.m.m.a.RequestMappingHandlerMapping : Mapped "{[/error]}" onto public org.springframework.http.ResponseEntity<java.util.Map<java.lang.String, java.lang.Object>> org.springframework.boot.autoconfigure.web.BasicErrorController.error(javax.servlet.http.HttpServletRequest)
2017-08-21 16:35:44.079  INFO 7548 --- [restartedMain] s.w.s.m.m.a.RequestMappingHandlerMapping : Mapped "{[/error],produces=[text/html]}" onto public org.springframework.web.servlet.ModelAndView org.springframework.boot.autoconfigure.web.BasicErrorController.errorHtml(javax.servlet.http.HttpServletRequest,javax.servlet.http.HttpServletResponse)
2017-08-21 16:35:44.103  INFO 7548 --- [restartedMain] o.s.w.s.handler.SimpleUrlHandlerMapping  : Mapped URL path [/webjars/**] onto handler of type [class org.springframework.web.servlet.resource.ResourceHttpRequestHandler]
2017-08-21 16:35:44.104  INFO 7548 --- [restartedMain] o.s.w.s.handler.SimpleUrlHandlerMapping  : Mapped URL path [/**] onto handler of type [class org.springframework.web.servlet.resource.ResourceHttpRequestHandler]
2017-08-21 16:35:44.142  INFO 7548 --- [restartedMain] o.s.w.s.handler.SimpleUrlHandlerMapping  : Mapped URL path [/**/favicon.ico] onto handler of type [class org.springframework.web.servlet.resource.ResourceHttpRequestHandler]
2017-08-21 16:35:44.185  INFO 7548 --- [restartedMain] o.s.b.d.a.OptionalLiveReloadServer       : LiveReload server is running on port 35729
2017-08-21 16:35:44.264  INFO 7548 --- [restartedMain] o.s.j.e.a.AnnotationMBeanExporter        : Registering beans for JMX exposure on startup
2017-08-21 16:35:44.454  INFO 7548 --- [restartedMain] s.b.c.e.t.TomcatEmbeddedServletContainer : Tomcat started on port(s): 8080 (http)
2017-08-21 16:35:44.455  INFO 7548 --- [restartedMain] cn.cyq.test_spring_boot.App              : Started App in 0.983 seconds (JVM running for 5773.759)
2017-08-21 16:37:15.745  INFO 7548 --- [Thread-18] ationConfigEmbeddedWebApplicationContext : Closing org.springframework.boot.context.embedded.AnnotationConfigEmbeddedWebApplicationContext@b4fdfd7: startup date [Mon Aug 21 16:35:43 CST 2017]; root of context hierarchy
2017-08-21 16:37:15.749  INFO 7548 --- [Thread-18] o.s.j.e.a.AnnotationMBeanExporter        : Unregistering JMX-exposed beans on shutdown
2017-08-21 16:37:15.980  INFO 7548 --- [restartedMain] cn.cyq.test_spring_boot.App              : Starting App on nxa-chengyiqiang with PID 7548 (E:\WorkSpace\NewWorkSpace\test-spring-boot\target\classes started by nxa-chengyiqiang in E:\WorkSpace\NewWorkSpace\test-spring-boot)
2017-08-21 16:37:15.981  INFO 7548 --- [restartedMain] cn.cyq.test_spring_boot.App              : No active profile set, falling back to default profiles: default
2017-08-21 16:37:15.983  INFO 7548 --- [restartedMain] ationConfigEmbeddedWebApplicationContext : Refreshing org.springframework.boot.context.embedded.AnnotationConfigEmbeddedWebApplicationContext@13abd096: startup date [Mon Aug 21 16:37:15 CST 2017]; root of context hierarchy
2017-08-21 16:37:16.313  INFO 7548 --- [restartedMain] s.b.c.e.t.TomcatEmbeddedServletContainer : Tomcat initialized with port(s): 8080 (http)
2017-08-21 16:37:16.314  INFO 7548 --- [restartedMain] o.apache.catalina.core.StandardService   : Starting service Tomcat
2017-08-21 16:37:16.314  INFO 7548 --- [restartedMain] org.apache.catalina.core.StandardEngine  : Starting Servlet Engine: Apache Tomcat/8.0.36
2017-08-21 16:37:16.319  INFO 7548 --- [localhost-startStop-1] o.a.c.c.C.[Tomcat].[localhost].[/]       : Initializing Spring embedded WebApplicationContext
2017-08-21 16:37:16.320  INFO 7548 --- [localhost-startStop-1] o.s.web.context.ContextLoader            : Root WebApplicationContext: initialization completed in 337 ms
2017-08-21 16:37:16.382  INFO 7548 --- [localhost-startStop-1] o.s.b.c.e.ServletRegistrationBean        : Mapping servlet: 'dispatcherServlet' to [/]
2017-08-21 16:37:16.383  INFO 7548 --- [localhost-startStop-1] o.s.b.c.embedded.FilterRegistrationBean  : Mapping filter: 'characterEncodingFilter' to: [/*]
2017-08-21 16:37:16.383  INFO 7548 --- [localhost-startStop-1] o.s.b.c.embedded.FilterRegistrationBean  : Mapping filter: 'hiddenHttpMethodFilter' to: [/*]
2017-08-21 16:37:16.384  INFO 7548 --- [localhost-startStop-1] o.s.b.c.embedded.FilterRegistrationBean  : Mapping filter: 'httpPutFormContentFilter' to: [/*]
2017-08-21 16:37:16.384  INFO 7548 --- [localhost-startStop-1] o.s.b.c.embedded.FilterRegistrationBean  : Mapping filter: 'requestContextFilter' to: [/*]
2017-08-21 16:37:16.408  INFO 7548 --- [restartedMain] s.w.s.m.m.a.RequestMappingHandlerAdapter : Looking for @ControllerAdvice: org.springframework.boot.context.embedded.AnnotationConfigEmbeddedWebApplicationContext@13abd096: startup date [Mon Aug 21 16:37:15 CST 2017]; root of context hierarchy
2017-08-21 16:37:16.413  INFO 7548 --- [restartedMain] s.w.s.m.m.a.RequestMappingHandlerMapping : Mapped "{[/123]}" onto public java.lang.String cn.cyq.test_spring_boot.controller.HelloWorldController.business123()
2017-08-21 16:37:16.413  INFO 7548 --- [restartedMain] s.w.s.m.m.a.RequestMappingHandlerMapping : Mapped "{[/haha]}" onto public java.lang.String cn.cyq.test_spring_boot.controller.HelloWorldController.businesshaha()
2017-08-21 16:37:16.416  INFO 7548 --- [restartedMain] s.w.s.m.m.a.RequestMappingHandlerMapping : Mapped "{[/error]}" onto public org.springframework.http.ResponseEntity<java.util.Map<java.lang.String, java.lang.Object>> org.springframework.boot.autoconfigure.web.BasicErrorController.error(javax.servlet.http.HttpServletRequest)
2017-08-21 16:37:16.416  INFO 7548 --- [restartedMain] s.w.s.m.m.a.RequestMappingHandlerMapping : Mapped "{[/error],produces=[text/html]}" onto public org.springframework.web.servlet.ModelAndView org.springframework.boot.autoconfigure.web.BasicErrorController.errorHtml(javax.servlet.http.HttpServletRequest,javax.servlet.http.HttpServletResponse)
2017-08-21 16:37:16.421  INFO 7548 --- [restartedMain] o.s.w.s.handler.SimpleUrlHandlerMapping  : Mapped URL path [/webjars/**] onto handler of type [class org.springframework.web.servlet.resource.ResourceHttpRequestHandler]
2017-08-21 16:37:16.421  INFO 7548 --- [restartedMain] o.s.w.s.handler.SimpleUrlHandlerMapping  : Mapped URL path [/**] onto handler of type [class org.springframework.web.servlet.resource.ResourceHttpRequestHandler]
2017-08-21 16:37:16.431  INFO 7548 --- [restartedMain] o.s.w.s.handler.SimpleUrlHandlerMapping  : Mapped URL path [/**/favicon.ico] onto handler of type [class org.springframework.web.servlet.resource.ResourceHttpRequestHandler]
2017-08-21 16:37:16.444  INFO 7548 --- [restartedMain] o.s.b.d.a.OptionalLiveReloadServer       : LiveReload server is running on port 35729
2017-08-21 16:37:16.468  INFO 7548 --- [restartedMain] o.s.j.e.a.AnnotationMBeanExporter        : Registering beans for JMX exposure on startup
2017-08-21 16:37:16.660  INFO 7548 --- [restartedMain] s.b.c.e.t.TomcatEmbeddedServletContainer : Tomcat started on port(s): 8080 (http)
2017-08-21 16:37:16.662  INFO 7548 --- [restartedMain] cn.cyq.test_spring_boot.App              : Started App in 0.702 seconds (JVM running for 5865.966)
2017-08-21 16:38:26.421  INFO 16644 --- [restartedMain] cn.cyq.test_spring_boot.App              : Starting App on nxa-chengyiqiang with PID 16644 (E:\WorkSpace\NewWorkSpace\test-spring-boot\target\classes started by nxa-chengyiqiang in E:\WorkSpace\NewWorkSpace\test-spring-boot)
2017-08-21 16:38:26.443  INFO 16644 --- [restartedMain] cn.cyq.test_spring_boot.App              : No active profile set, falling back to default profiles: default
2017-08-21 16:38:26.527  INFO 16644 --- [restartedMain] ationConfigEmbeddedWebApplicationContext : Refreshing org.springframework.boot.context.embedded.AnnotationConfigEmbeddedWebApplicationContext@22e08e84: startup date [Mon Aug 21 16:38:26 CST 2017]; root of context hierarchy
2017-08-21 16:38:28.371  INFO 16644 --- [restartedMain] s.b.c.e.t.TomcatEmbeddedServletContainer : Tomcat initialized with port(s): 9999 (http)
2017-08-21 16:38:28.392  INFO 16644 --- [restartedMain] o.apache.catalina.core.StandardService   : Starting service Tomcat
2017-08-21 16:38:28.393  INFO 16644 --- [restartedMain] org.apache.catalina.core.StandardEngine  : Starting Servlet Engine: Apache Tomcat/8.0.36
2017-08-21 16:38:28.515  INFO 16644 --- [localhost-startStop-1] o.a.c.c.C.[Tomcat].[localhost].[/]       : Initializing Spring embedded WebApplicationContext
2017-08-21 16:38:28.516  INFO 16644 --- [localhost-startStop-1] o.s.web.context.ContextLoader            : Root WebApplicationContext: initialization completed in 2007 ms
2017-08-21 16:38:28.847  INFO 16644 --- [localhost-startStop-1] o.s.b.c.e.ServletRegistrationBean        : Mapping servlet: 'dispatcherServlet' to [/]
2017-08-21 16:38:28.852  INFO 16644 --- [localhost-startStop-1] o.s.b.c.embedded.FilterRegistrationBean  : Mapping filter: 'characterEncodingFilter' to: [/*]
2017-08-21 16:38:28.854  INFO 16644 --- [localhost-startStop-1] o.s.b.c.embedded.FilterRegistrationBean  : Mapping filter: 'hiddenHttpMethodFilter' to: [/*]
2017-08-21 16:38:28.855  INFO 16644 --- [localhost-startStop-1] o.s.b.c.embedded.FilterRegistrationBean  : Mapping filter: 'httpPutFormContentFilter' to: [/*]
2017-08-21 16:38:28.855  INFO 16644 --- [localhost-startStop-1] o.s.b.c.embedded.FilterRegistrationBean  : Mapping filter: 'requestContextFilter' to: [/*]
2017-08-21 16:38:29.030  INFO 16644 --- [restartedMain] s.w.s.m.m.a.RequestMappingHandlerAdapter : Looking for @ControllerAdvice: org.springframework.boot.context.embedded.AnnotationConfigEmbeddedWebApplicationContext@22e08e84: startup date [Mon Aug 21 16:38:26 CST 2017]; root of context hierarchy
2017-08-21 16:38:29.087  INFO 16644 --- [restartedMain] s.w.s.m.m.a.RequestMappingHandlerMapping : Mapped "{[/123]}" onto public java.lang.String cn.cyq.test_spring_boot.controller.HelloWorldController.business123()
2017-08-21 16:38:29.088  INFO 16644 --- [restartedMain] s.w.s.m.m.a.RequestMappingHandlerMapping : Mapped "{[/haha]}" onto public java.lang.String cn.cyq.test_spring_boot.controller.HelloWorldController.businesshaha()
2017-08-21 16:38:29.090  INFO 16644 --- [restartedMain] s.w.s.m.m.a.RequestMappingHandlerMapping : Mapped "{[/error]}" onto public org.springframework.http.ResponseEntity<java.util.Map<java.lang.String, java.lang.Object>> org.springframework.boot.autoconfigure.web.BasicErrorController.error(javax.servlet.http.HttpServletRequest)
2017-08-21 16:38:29.090  INFO 16644 --- [restartedMain] s.w.s.m.m.a.RequestMappingHandlerMapping : Mapped "{[/error],produces=[text/html]}" onto public org.springframework.web.servlet.ModelAndView org.springframework.boot.autoconfigure.web.BasicErrorController.errorHtml(javax.servlet.http.HttpServletRequest,javax.servlet.http.HttpServletResponse)
2017-08-21 16:38:29.117  INFO 16644 --- [restartedMain] o.s.w.s.handler.SimpleUrlHandlerMapping  : Mapped URL path [/webjars/**] onto handler of type [class org.springframework.web.servlet.resource.ResourceHttpRequestHandler]
2017-08-21 16:38:29.117  INFO 16644 --- [restartedMain] o.s.w.s.handler.SimpleUrlHandlerMapping  : Mapped URL path [/**] onto handler of type [class org.springframework.web.servlet.resource.ResourceHttpRequestHandler]
2017-08-21 16:38:29.179  INFO 16644 --- [restartedMain] o.s.w.s.handler.SimpleUrlHandlerMapping  : Mapped URL path [/**/favicon.ico] onto handler of type [class org.springframework.web.servlet.resource.ResourceHttpRequestHandler]
2017-08-21 16:38:29.333  INFO 16644 --- [restartedMain] o.s.b.d.a.OptionalLiveReloadServer       : LiveReload server is running on port 35729
2017-08-21 16:38:29.565  INFO 16644 --- [restartedMain] o.s.j.e.a.AnnotationMBeanExporter        : Registering beans for JMX exposure on startup
2017-08-21 16:38:29.882  INFO 16644 --- [restartedMain] s.b.c.e.t.TomcatEmbeddedServletContainer : Tomcat started on port(s): 9999 (http)
2017-08-21 16:38:29.886  INFO 16644 --- [restartedMain] cn.cyq.test_spring_boot.App              : Started App in 3.987 seconds (JVM running for 4.524)
2017-08-21 16:39:01.115  INFO 16644 --- [http-nio-9999-exec-1] o.a.c.c.C.[Tomcat].[localhost].[/]       : Initializing Spring FrameworkServlet 'dispatcherServlet'
2017-08-21 16:39:01.116  INFO 16644 --- [http-nio-9999-exec-1] o.s.web.servlet.DispatcherServlet        : FrameworkServlet 'dispatcherServlet': initialization started
2017-08-21 16:39:01.139  INFO 16644 --- [http-nio-9999-exec-1] o.s.web.servlet.DispatcherServlet        : FrameworkServlet 'dispatcherServlet': initialization completed in 23 ms
